<?xml version="1.0" encoding="UTF-8" ?>
<testsuite tests="3" failures="0" name="pt.zenit.helpers.db.JDBCRepositoryTest" time="0.767" errors="0" skipped="0">
  <properties>
[...]
</properties>
  <testcase classname="pt.zenit.helpers.db.JDBCRepositoryTest" name="should_throw_exception_with_no_driver" time="0.11"/>
  <testcase classname="pt.zenit.helpers.db.JDBCRepositoryTest" name="should_attempt_oracle_connection" time="0.656"/>
  <testcase classname="pt.zenit.helpers.db.JDBCRepositoryTest" name="should_throw_exception_on_invalid_connString" time="0.001"/>
</testsuite>